3D Isotropic Diffusion
----------------------
Vertex             = DiffusionEquationSimple
No. IPUs           = 1
No. Tiles          = 1472
Total Grid         = 10*10*10 = 0.001 million elements
Smallest Sub-grid  = 0*1*1
Largest Sub-grid   = 1*1*1
alpha              = 0.5
No. Iterations     = 100

LaTeX Tabular Row
-----------------
No. IPUs & Grid & No. Iterations & Time [s] & Throughput [TFLOPS] & Minimum Bandwidth [TB/s] \\
1 & $10\times 10\times 10$ & 100 & 0.00 & 0.01 & 0.07 \\
a: 0.46
b: -inf
a: 0.38
b: -inf
a: 0.59
b: -inf
a: 0.03
b: -inf
a: 0.82
b: -inf
a: 0.32
b: -inf
a: 0.79
b: -inf
a: 0.30
b: -inf
a: 0.74
b: -inf
a: 0.43
b: -inf
a: 0.82
b: -inf
a: 0.02
b: -inf
a: 0.73
b: -inf
a: 0.29
b: -inf
a: 0.39
b: -inf
a: 0.39
b: -inf
a: 0.40
b: -inf
a: 0.90
b: -inf
a: 0.73
b: -inf
a: 0.36
b: -inf
a: 0.32
b: -inf
a: 0.68
b: -inf
a: 0.95
b: -inf
a: 0.17
b: -inf
a: 0.91
b: -inf
a: 0.12
b: -inf
a: 0.84
b: -inf
a: 0.50
b: -inf
a: 0.15
b: -inf
a: 0.66
b: -inf
a: 0.82
b: -inf
a: 0.94
b: -inf
a: 0.23
b: -inf
a: 0.70
b: -inf
a: 0.33
b: -inf
a: 0.05
b: -inf
a: 0.72
b: -inf
a: 0.05
b: -inf
a: 0.34
b: -inf
a: 0.11
b: -inf
a: 0.89
b: -inf
a: 0.84
b: -inf
a: 0.66
b: -inf
a: 0.62
b: -inf
a: 0.20
b: -inf
a: 0.98
b: -inf
a: 0.29
b: -inf
a: 0.15
b: -inf
a: 0.61
b: -inf
a: 0.06
b: -inf
a: 0.08
b: -inf
a: 0.45
b: -inf
a: 0.55
b: -inf
a: 0.23
b: -inf
a: 0.11
b: -inf
a: 0.37
b: -inf
a: 0.27
b: -inf
a: 0.40
b: -inf
a: 0.77
b: -inf
a: 0.60
b: -inf
a: 0.45
b: -inf
a: 0.49
b: -inf
a: 0.65
b: -inf
a: 0.79
b: -inf
a: 0.53
b: -inf
a: 0.57
b: -inf
a: 0.23
b: -inf
a: 0.30
b: -inf
a: 0.17
b: -inf
a: 0.68
b: -inf
a: 0.79
b: -inf
a: 0.82
b: -inf
a: 0.91
b: -inf
a: 0.02
b: -inf
a: 0.87
b: -inf
a: 0.86
b: -inf
a: 0.23
b: -inf
a: 0.97
b: -inf
a: 0.00
b: -inf
a: 0.41
b: -inf
a: 0.74
b: -inf
a: 0.71
b: -inf
a: 0.19
b: -inf
a: 0.12
b: -inf
a: 0.14
b: -inf
a: 0.54
b: -inf
a: 0.05
b: -inf
a: 0.80
b: -inf
a: 0.63
b: -inf
a: 0.54
b: -inf
a: 0.93
b: -inf
a: 0.86
b: -inf
a: 0.85
b: -inf
a: 0.09
b: -inf
a: 0.54
b: -inf
a: 0.64
b: -inf
a: 0.02
b: -inf
a: 0.82
b: -inf
a: 0.04
b: -inf
a: 0.88
b: -inf
a: 0.68
b: -inf
a: 0.27
b: -inf
a: 0.85
b: -inf
a: 0.68
b: -inf
a: 0.97
b: -inf
a: 0.41
b: -inf
a: 0.92
b: -inf
a: 0.16
b: -inf
a: 0.53
b: -inf
a: 0.06
b: -inf
a: 0.71
b: -inf
a: 0.59
b: -inf
a: 0.94
b: -inf
a: 0.49
b: -inf
a: 0.25
b: -inf
a: 0.87
b: -inf
a: 0.35
b: -inf
a: 0.10
b: -inf
a: 0.96
b: -inf
a: 0.90
b: -inf
a: 0.92
b: -inf
a: 0.76
b: -inf
a: 0.70
b: -inf
a: 0.96
b: -inf
a: 0.64
b: -inf
a: 0.38
b: -inf
a: 0.23
b: -inf
a: 0.49
b: -inf
a: 0.09
b: -inf
a: 0.21
b: -inf
a: 0.46
b: -inf
a: 0.78
b: -inf
a: 0.17
b: -inf
a: 0.10
b: -inf
a: 0.16
b: -inf
a: 0.40
b: -inf
a: 0.30
b: -inf
a: 0.29
b: -inf
a: 0.26
b: -inf
a: 0.62
b: -inf
a: 0.91
b: -inf
a: 0.46
b: -inf
a: 0.47
b: -inf
a: 0.60
b: -inf
a: 0.15
b: -inf
a: 0.97
b: -inf
a: 0.29
b: -inf
a: 0.19
b: -inf
a: 0.84
b: -inf
a: 0.54
b: -inf
a: 0.59
b: -inf
a: 0.81
b: -inf
a: 0.51
b: -inf
a: 0.84
b: -inf
a: 0.09
b: -inf
a: 0.98
b: -inf
a: 0.62
b: -inf
a: 0.27
b: -inf
a: 0.08
b: -inf
a: 0.79
b: -inf
a: 0.01
b: -inf
a: 0.97
b: -inf
a: 0.96
b: -inf
a: 0.27
b: -inf
a: 0.59
b: -inf
a: 0.87
b: -inf
a: 0.73
b: -inf
a: 0.06
b: -inf
a: 0.97
b: -inf
a: 0.62
b: -inf
a: 0.06
b: -inf
a: 0.26
b: -inf
a: 0.81
b: -inf
a: 0.89
b: -inf
a: 0.80
b: -inf
a: 0.39
b: -inf
a: 0.28
b: -inf
a: 0.22
b: -inf
a: 0.38
b: -inf
a: 0.37
b: -inf
a: 0.19
b: -inf
a: 0.01
b: -inf
a: 0.64
b: -inf
a: 0.27
b: -inf
a: 0.94
b: -inf
a: 0.80
b: -inf
a: 0.27
b: -inf
a: 0.90
b: -inf
a: 0.07
b: -inf
a: 0.86
b: -inf
a: 0.77
b: -inf
a: 0.80
b: -inf
a: 0.64
b: -inf
a: 0.16
b: -inf
a: 0.47
b: -inf
a: 0.91
b: -inf
a: 0.05
b: -inf
a: 0.55
b: -inf
a: 0.77
b: -inf
a: 0.83
b: -inf
a: 0.07
b: -inf
a: 0.23
b: -inf
a: 0.57
b: -inf
a: 0.93
b: -inf
a: 0.17
b: -inf
a: 0.71
b: -inf
a: 0.60
b: -inf
a: 0.01
b: -inf
a: 0.55
b: -inf
a: 0.13
b: -inf
a: 1.00
b: -inf
a: 0.30
b: -inf
a: 0.99
b: -inf
a: 0.71
b: -inf
a: 0.25
b: -inf
a: 0.87
b: -inf
a: 0.54
b: -inf
a: 0.70
b: -inf
a: 0.63
b: -inf
a: 0.01
b: -inf
a: 0.61
b: -inf
a: 0.69
b: -inf
a: 0.55
b: -inf
a: 0.38
b: -inf
a: 0.07
b: -inf
a: 0.58
b: -inf
a: 0.13
b: -inf
a: 0.64
b: -inf
a: 0.51
b: -inf
a: 0.30
b: -inf
a: 0.35
b: -inf
a: 0.11
b: -inf
a: 0.77
b: -inf
a: 0.86
b: -inf
a: 0.12
b: -inf
a: 0.77
b: -inf
a: 0.16
b: -inf
a: 0.12
b: -inf
a: 0.47
b: -inf
a: 0.42
b: -inf
a: 0.89
b: -inf
a: 0.52
b: -inf
a: 0.22
b: -inf
a: 0.52
b: -inf
a: 0.53
b: -inf
a: 0.83
b: -inf
a: 0.21
b: -inf
a: 0.08
b: -inf
a: 0.98
b: -inf
a: 0.28
b: -inf
a: 0.30
b: -inf
a: 0.11
b: -inf
a: 0.92
b: -inf
a: 0.81
b: -inf
a: 0.42
b: -inf
a: 0.27
b: -inf
a: 0.52
b: -inf
a: 0.61
b: -inf
a: 0.98
b: -inf
a: 0.82
b: -inf
a: 0.72
b: -inf
a: 0.90
b: -inf
a: 0.63
b: -inf
a: 0.14
b: -inf
a: 0.87
b: -inf
a: 0.43
b: -inf
a: 0.23
b: -inf
a: 0.47
b: -inf
a: 0.81
b: -inf
a: 0.68
b: -inf
a: 0.22
b: -inf
a: 0.31
b: -inf
a: 0.80
b: -inf
a: 0.06
b: -inf
a: 0.46
b: -inf
a: 0.82
b: -inf
a: 0.73
b: -inf
a: 0.05
b: -inf
a: 0.36
b: -inf
a: 0.23
b: -inf
a: 0.93
b: -inf
a: 0.37
b: -inf
a: 0.60
b: -inf
a: 0.92
b: -inf
a: 0.19
b: -inf
a: 0.32
b: -inf
a: 0.82
b: -inf
a: 0.82
b: -inf
a: 0.36
b: -inf
a: 0.34
b: -inf
a: 0.41
b: -inf
a: 0.59
b: -inf
a: 0.80
b: -inf
a: 0.22
b: -inf
a: 0.28
b: -inf
a: 0.02
b: -inf
a: 0.42
b: -inf
a: 0.33
b: -inf
a: 0.94
b: -inf
a: 0.88
b: -inf
a: 0.15
b: -inf
a: 0.67
b: -inf
a: 0.93
b: -inf
a: 0.51
b: -inf
a: 0.50
b: -inf
a: 0.83
b: -inf
a: 0.14
b: -inf
a: 0.10
b: -inf
a: 0.75
b: -inf
a: 0.33
b: -inf
a: 0.42
b: -inf
a: 0.56
b: -inf
a: 0.54
b: -inf
a: 0.51
b: -inf
a: 0.22
b: -inf
a: 0.95
b: -inf
a: 0.10
b: -inf
a: 0.02
b: -inf
a: 0.16
b: -inf
a: 0.38
b: -inf
a: 0.61
b: -inf
a: 0.45
b: -inf
a: 0.17
b: -inf
a: 0.83
b: -inf
a: 0.39
b: -inf
a: 0.27
b: -inf
a: 0.85
b: -inf
a: 0.56
b: -inf
a: 0.25
b: -inf
a: 0.91
b: -inf
a: 0.36
b: -inf
a: 0.27
b: -inf
a: 0.12
b: -inf
a: 0.70
b: -inf
a: 0.45
b: -inf
a: 0.99
b: -inf
a: 0.77
b: -inf
a: 0.01
b: -inf
a: 0.33
b: -inf
a: 0.37
b: -inf
a: 0.19
b: -inf
a: 0.63
b: -inf
a: 0.71
b: -inf
a: 0.71
b: -inf
a: 0.37
b: -inf
a: 0.96
b: -inf
a: 0.07
b: -inf
a: 0.53
b: -inf
a: 0.78
b: -inf
a: 0.46
b: -inf
a: 0.80
b: -inf
a: 0.64
b: -inf
a: 0.53
b: -inf
a: 0.26
b: -inf
a: 0.36
b: -inf
a: 0.89
b: -inf
a: 0.53
b: -inf
a: 0.47
b: -inf
a: 0.59
b: -inf
a: 0.98
b: -inf
a: 0.12
b: -inf
a: 0.23
b: -inf
a: 0.56
b: -inf
a: 0.45
b: -inf
a: 0.60
b: -inf
a: 0.76
b: -inf
a: 0.08
b: -inf
a: 0.31
b: -inf
a: 0.93
b: -inf
a: 0.83
b: -inf
a: 0.39
b: -inf
a: 0.99
b: -inf
a: 0.36
b: -inf
a: 0.17
b: -inf
a: 0.45
b: -inf
a: 0.16
b: -inf
a: 0.61
b: -inf
a: 0.34
b: -inf
a: 0.73
b: -inf
a: 0.97
b: -inf
a: 0.23
b: -inf
a: 0.27
b: -inf
a: 0.44
b: -inf
a: 0.82
b: -inf
a: 0.88
b: -inf
a: 0.13
b: -inf
a: 0.03
b: -inf
a: 0.62
b: -inf
a: 0.10
b: -inf
a: 0.26
b: -inf
a: 0.88
b: -inf
a: 0.54
b: -inf
a: 0.44
b: -inf
a: 0.45
b: -inf
a: 0.49
b: -inf
a: 0.58
b: -inf
a: 0.39
b: -inf
a: 0.30
b: -inf
a: 0.32
b: -inf
a: 0.09
b: -inf
a: 0.25
b: -inf
a: 0.52
b: -inf
a: 0.33
b: -inf
a: 0.25
b: -inf
a: 0.23
b: -inf
a: 0.29
b: -inf
a: 0.60
b: -inf
a: 0.12
b: -inf
a: 0.81
b: -inf
a: 0.59
b: -inf
a: 0.26
b: -inf
a: 0.85
b: -inf
a: 0.20
b: -inf
a: 0.36
b: -inf
a: 0.11
b: -inf
a: 0.08
b: -inf
a: 0.21
b: -inf
a: 0.34
b: -inf
a: 0.64
b: -inf
a: 0.70
b: -inf
a: 0.92
b: -inf
a: 0.03
b: -inf
a: 0.00
b: -inf
a: 0.23
b: -inf
a: 0.59
b: -inf
a: 0.37
b: -inf
a: 0.72
b: -inf
a: 0.92
b: -inf
a: 0.62
b: -inf
a: 0.95
b: -inf
a: 0.21
b: -inf
a: 0.22
b: -inf
a: 0.35
b: -inf
a: 0.88
b: -inf
a: 0.50
b: -inf
a: 0.61
b: -inf
a: 0.73
b: -inf
a: 0.70
b: -inf
a: 0.96
b: -inf
a: 0.84
b: -inf
a: 0.02
b: -inf
a: 1.00
b: -inf
a: 0.20
b: -inf
a: 0.66
b: -inf
a: 0.70
b: -inf
a: 0.12
b: -inf
a: 0.69
b: -inf
a: 0.70
b: -inf
a: 0.81
b: -inf
a: 0.10
b: -inf
a: 0.97
b: -inf
a: 0.00
b: -inf
a: 0.77
b: -inf
a: 0.67
b: -inf
a: 0.12
b: -inf
a: 0.46
b: -inf
a: 0.27
b: -inf
a: 0.28
b: -inf
a: 0.41
b: -inf
a: 0.46
b: -inf
a: 0.89
b: -inf
a: 0.27
b: -inf
a: 0.27
b: -inf
a: 0.46
b: -inf
a: 0.10
b: -inf
a: 0.32
b: -inf
a: 0.67
b: -inf
a: 0.62
b: -inf
a: 0.80
b: -inf
a: 0.66
b: -inf
a: 0.86
b: -inf
a: 0.99
b: -inf
a: 0.96
b: -inf
a: 0.41
b: -inf
a: 0.05
b: -inf
a: 0.94
b: -inf
a: 0.41
b: -inf
a: 0.82
b: -inf
a: 0.61
b: -inf
a: 0.53
b: -inf
a: 1.00
b: -inf
a: 0.55
b: -inf
a: 0.26
b: -inf
a: 0.41
b: -inf
a: 0.01
b: -inf
a: 0.15
b: -inf
a: 0.68
b: -inf
a: 0.28
b: -inf
a: 0.57
b: -inf
a: 0.71
b: -inf
a: 0.34
b: -inf
a: 0.24
b: -inf
a: 0.33
b: -inf
a: 0.14
b: -inf
a: 0.90
b: -inf
a: 0.19
b: -inf
a: 0.13
b: -inf
a: 0.10
b: -inf
a: 0.92
b: -inf
a: 0.18
b: -inf
a: 0.03
b: -inf
a: 0.33
b: -inf
a: 1.00
b: -inf
a: 0.64
b: -inf
a: 0.63
b: -inf
a: 0.87
b: -inf
a: 0.82
b: -inf
a: 0.89
b: -inf
a: 0.27
b: -inf
a: 0.83
b: -inf
a: 0.04
b: -inf
a: 0.95
b: -inf

Mean Squared Error (IPU vs. CPU) = inf
